{
  "stats": {
    "suites": 1,
    "tests": 2,
    "passes": 1,
    "pending": 0,
    "failures": 1,
    "start": "2022-04-01T02:21:42.556Z",
    "end": "2022-04-01T02:21:50.882Z",
    "duration": 8326,
    "testsRegistered": 2,
    "passPercent": 50,
    "pendingPercent": 0,
    "other": 0,
    "hasOther": false,
    "skipped": 0,
    "hasSkipped": false
  },
  "results": [
    {
      "uuid": "776304f1-cd53-45b2-a080-e9d55ac9d168",
      "title": "",
      "fullFile": "cypress/integration/multimodal.feature",
      "file": "cypress/integration/multimodal.feature",
      "beforeHooks": [],
      "afterHooks": [],
      "tests": [],
      "suites": [
        {
          "uuid": "a6792244-fd70-4d96-90a6-14a4546743b1",
          "title": "Multimodal page",
          "fullFile": "",
          "file": "",
          "beforeHooks": [],
          "afterHooks": [],
          "tests": [
            {
              "title": "Validate console errors and response code",
              "fullTitle": "Multimodal page Validate console errors and response code",
              "timedOut": null,
              "duration": 1304,
              "state": "passed",
              "speed": "fast",
              "pass": true,
              "fail": false,
              "pending": false,
              "context": null,
              "code": "const state = window.testState;\nreturn cy\n  .then(() => state.onStartScenario(scenario, indexedSteps))\n  .then(() =>\n    resolveAndRunBeforeHooks.call(this, scenario.tags, state.feature.name)\n  )\n  .then(() =>\n    indexedSteps.forEach((step) =>\n      stepTest.call(this, state, step, rowData)\n    )\n  )\n  .then(() => state.onFinishScenario(scenario));",
              "err": {},
              "uuid": "a6cc4d49-32ab-4263-a235-26e81abd968b",
              "parentUUID": "a6792244-fd70-4d96-90a6-14a4546743b1",
              "isHook": false,
              "skipped": false
            },
            {
              "title": "Validate All links on the page go to another live page",
              "fullTitle": "Multimodal page Validate All links on the page go to another live page",
              "timedOut": null,
              "duration": 4869,
              "state": "failed",
              "speed": null,
              "pass": false,
              "fail": true,
              "pending": false,
              "context": null,
              "code": "const state = window.testState;\nreturn cy\n  .then(() => state.onStartScenario(scenario, indexedSteps))\n  .then(() =>\n    resolveAndRunBeforeHooks.call(this, scenario.tags, state.feature.name)\n  )\n  .then(() =>\n    indexedSteps.forEach((step) =>\n      stepTest.call(this, state, step, rowData)\n    )\n  )\n  .then(() => state.onFinishScenario(scenario));",
              "err": {
                "message": "AssertionError: expected 404 to equal 200",
                "estack": "AssertionError: expected 404 to equal 200\n    at Context.eval (https://www.w3.org/__cypress/tests?p=cypress/integration/multimodal.feature:61:34)",
                "diff": "- 404\n+ 200\n"
              },
              "uuid": "654da5ae-56c0-4fa1-9d0f-911e5f1d9c15",
              "parentUUID": "a6792244-fd70-4d96-90a6-14a4546743b1",
              "isHook": false,
              "skipped": false
            }
          ],
          "suites": [],
          "passes": [
            "a6cc4d49-32ab-4263-a235-26e81abd968b"
          ],
          "failures": [
            "654da5ae-56c0-4fa1-9d0f-911e5f1d9c15"
          ],
          "pending": [],
          "skipped": [],
          "duration": 6173,
          "root": false,
          "rootEmpty": false,
          "_timeout": 2000
        }
      ],
      "passes": [],
      "failures": [],
      "pending": [],
      "skipped": [],
      "duration": 0,
      "root": true,
      "rootEmpty": true,
      "_timeout": 2000
    }
  ],
  "meta": {
    "mocha": {
      "version": "7.0.1"
    },
    "mochawesome": {
      "options": {
        "quiet": false,
        "reportFilename": "mochawesome",
        "saveHtml": false,
        "saveJson": true,
        "consoleReporter": "spec",
        "useInlineDiffs": false,
        "code": true
      },
      "version": "7.1.3"
    },
    "marge": {
      "options": {
        "id": "default",
        "reportDir": "cypress/results/mochawesome",
        "overwrite": false,
        "html": false,
        "json": true
      },
      "version": "6.2.0"
    }
  }
}