{
  "stats": {
    "suites": 1,
    "tests": 3,
    "passes": 2,
    "pending": 0,
    "failures": 1,
    "start": "2022-04-04T03:42:25.388Z",
    "end": "2022-04-04T03:42:33.255Z",
    "duration": 7867,
    "testsRegistered": 3,
    "passPercent": 66.66666666666666,
    "pendingPercent": 0,
    "other": 0,
    "hasOther": false,
    "skipped": 0,
    "hasSkipped": false
  },
  "results": [
    {
      "uuid": "f42b1583-871f-4ad1-9a33-fa7f95830a9e",
      "title": "",
      "fullFile": "cypress/integration/multimodal.feature",
      "file": "cypress/integration/multimodal.feature",
      "beforeHooks": [],
      "afterHooks": [],
      "tests": [],
      "suites": [
        {
          "uuid": "821bc334-82a0-4e0f-825c-b295527dd25b",
          "title": "Multimodal page",
          "fullFile": "",
          "file": "",
          "beforeHooks": [],
          "afterHooks": [],
          "tests": [
            {
              "title": "Validate console errors",
              "fullTitle": "Multimodal page Validate console errors",
              "timedOut": null,
              "duration": 1158,
              "state": "passed",
              "speed": "fast",
              "pass": true,
              "fail": false,
              "pending": false,
              "context": null,
              "code": "const state = window.testState;\nreturn cy\n  .then(() => state.onStartScenario(scenario, indexedSteps))\n  .then(() =>\n    resolveAndRunBeforeHooks.call(this, scenario.tags, state.feature.name)\n  )\n  .then(() =>\n    indexedSteps.forEach((step) =>\n      stepTest.call(this, state, step, rowData)\n    )\n  )\n  .then(() => state.onFinishScenario(scenario));",
              "err": {},
              "uuid": "9315c687-b4dc-4dca-b5c7-e04fba36656d",
              "parentUUID": "821bc334-82a0-4e0f-825c-b295527dd25b",
              "isHook": false,
              "skipped": false
            },
            {
              "title": "Validate  response code",
              "fullTitle": "Multimodal page Validate  response code",
              "timedOut": null,
              "duration": 214,
              "state": "passed",
              "speed": "fast",
              "pass": true,
              "fail": false,
              "pending": false,
              "context": null,
              "code": "const state = window.testState;\nreturn cy\n  .then(() => state.onStartScenario(scenario, indexedSteps))\n  .then(() =>\n    resolveAndRunBeforeHooks.call(this, scenario.tags, state.feature.name)\n  )\n  .then(() =>\n    indexedSteps.forEach((step) =>\n      stepTest.call(this, state, step, rowData)\n    )\n  )\n  .then(() => state.onFinishScenario(scenario));",
              "err": {},
              "uuid": "f309d431-30e4-4994-85cf-0807e944bcb5",
              "parentUUID": "821bc334-82a0-4e0f-825c-b295527dd25b",
              "isHook": false,
              "skipped": false
            },
            {
              "title": "Validate all links on the page",
              "fullTitle": "Multimodal page Validate all links on the page",
              "timedOut": null,
              "duration": 4447,
              "state": "failed",
              "speed": null,
              "pass": false,
              "fail": true,
              "pending": false,
              "context": null,
              "code": "const state = window.testState;\nreturn cy\n  .then(() => state.onStartScenario(scenario, indexedSteps))\n  .then(() =>\n    resolveAndRunBeforeHooks.call(this, scenario.tags, state.feature.name)\n  )\n  .then(() =>\n    indexedSteps.forEach((step) =>\n      stepTest.call(this, state, step, rowData)\n    )\n  )\n  .then(() => state.onFinishScenario(scenario));",
              "err": {
                "message": "AssertionError: expected 404 to equal 200",
                "estack": "AssertionError: expected 404 to equal 200\n    [2]</</</<@https://www.w3.org/__cypress/tests?p=cypress/integration/multimodal.feature:62:34\n    getRet@https://www.w3.org/__cypress/runner/cypress_runner.js:156292:20\n    tryCatcher@https://www.w3.org/__cypress/runner/cypress_runner.js:13022:23\n    ../../node_modules/bluebird/js/release/method.js/module.exports/Promise.try@https://www.w3.org/__cypress/runner/cypress_runner.js:10296:29\n    thenFn@https://www.w3.org/__cypress/runner/cypress_runner.js:156310:60\n    then@https://www.w3.org/__cypress/runner/cypress_runner.js:156762:21\n    ../driver/src/cypress/cy.ts/addCommand/wrapByType/<@https://www.w3.org/__cypress/runner/cypress_runner.js:173242:19\n    ../driver/src/cypress/command_queue.ts/runCommand/<@https://www.w3.org/__cypress/runner/cypress_runner.js:172098:15\n    tryCatcher@https://www.w3.org/__cypress/runner/cypress_runner.js:13022:23\n    ../../node_modules/bluebird/js/release/promise.js/</module.exports/Promise.prototype._settlePromiseFromHandler@https://www.w3.org/__cypress/runner/cypress_runner.js:10957:31\n    ../../node_modules/bluebird/js/release/promise.js/</module.exports/Promise.prototype._settlePromise@https://www.w3.org/__cypress/runner/cypress_runner.js:11014:18\n    ../../node_modules/bluebird/js/release/promise.js/</module.exports/Promise.prototype._settlePromiseCtx@https://www.w3.org/__cypress/runner/cypress_runner.js:11051:10\n    _drainQueueStep@https://www.w3.org/__cypress/runner/cypress_runner.js:7733:12\n    _drainQueue@https://www.w3.org/__cypress/runner/cypress_runner.js:7722:24\n    ../../node_modules/bluebird/js/release/async.js/</Async.prototype._drainQueues@https://www.w3.org/__cypress/runner/cypress_runner.js:7738:16\n    ../../node_modules/bluebird/js/release/async.js/</Async/this.drainQueues@https://www.w3.org/__cypress/runner/cypress_runner.js:7608:14\n",
                "diff": "- 404\n+ 200\n"
              },
              "uuid": "12bc1937-5b9c-43d1-9935-7086bb0e49d3",
              "parentUUID": "821bc334-82a0-4e0f-825c-b295527dd25b",
              "isHook": false,
              "skipped": false
            }
          ],
          "suites": [],
          "passes": [
            "9315c687-b4dc-4dca-b5c7-e04fba36656d",
            "f309d431-30e4-4994-85cf-0807e944bcb5"
          ],
          "failures": [
            "12bc1937-5b9c-43d1-9935-7086bb0e49d3"
          ],
          "pending": [],
          "skipped": [],
          "duration": 5819,
          "root": false,
          "rootEmpty": false,
          "_timeout": 2000
        }
      ],
      "passes": [],
      "failures": [],
      "pending": [],
      "skipped": [],
      "duration": 0,
      "root": true,
      "rootEmpty": true,
      "_timeout": 2000
    }
  ],
  "meta": {
    "mocha": {
      "version": "7.0.1"
    },
    "mochawesome": {
      "options": {
        "quiet": false,
        "reportFilename": "mochawesome",
        "saveHtml": false,
        "saveJson": true,
        "consoleReporter": "spec",
        "useInlineDiffs": false,
        "code": true
      },
      "version": "6.3.1"
    },
    "marge": {
      "options": {
        "id": "default",
        "reportDir": "cypress/reports-firefox/mocha",
        "quite": true,
        "overwrite": false,
        "html": false,
        "json": true
      },
      "version": "5.2.0"
    }
  }
}