{
  "stats": {
    "suites": 1,
    "tests": 3,
    "passes": 2,
    "pending": 0,
    "failures": 1,
    "start": "2022-04-04T03:41:20.074Z",
    "end": "2022-04-04T03:41:25.818Z",
    "duration": 5744,
    "testsRegistered": 3,
    "passPercent": 66.66666666666666,
    "pendingPercent": 0,
    "other": 0,
    "hasOther": false,
    "skipped": 0,
    "hasSkipped": false
  },
  "results": [
    {
      "uuid": "4c28309c-dfd1-443c-afb7-4d313a819a0f",
      "title": "",
      "fullFile": "cypress/integration/badpage.feature",
      "file": "cypress/integration/badpage.feature",
      "beforeHooks": [],
      "afterHooks": [],
      "tests": [],
      "suites": [
        {
          "uuid": "cf8326fa-8ee3-487d-8526-072ebf2d8a7e",
          "title": "Bad page",
          "fullFile": "",
          "file": "",
          "beforeHooks": [],
          "afterHooks": [],
          "tests": [
            {
              "title": "Validate console errors",
              "fullTitle": "Bad page Validate console errors",
              "timedOut": null,
              "duration": 1568,
              "state": "passed",
              "speed": "fast",
              "pass": true,
              "fail": false,
              "pending": false,
              "context": null,
              "code": "const state = window.testState;\nreturn cy\n  .then(() => state.onStartScenario(scenario, indexedSteps))\n  .then(() =>\n    resolveAndRunBeforeHooks.call(this, scenario.tags, state.feature.name)\n  )\n  .then(() =>\n    indexedSteps.forEach((step) =>\n      stepTest.call(this, state, step, rowData)\n    )\n  )\n  .then(() => state.onFinishScenario(scenario));",
              "err": {},
              "uuid": "bcd3f6f8-bf8d-42dc-bd4d-e46b3bef5a75",
              "parentUUID": "cf8326fa-8ee3-487d-8526-072ebf2d8a7e",
              "isHook": false,
              "skipped": false
            },
            {
              "title": "Validate  response code",
              "fullTitle": "Bad page Validate  response code",
              "timedOut": null,
              "duration": 311,
              "state": "passed",
              "speed": "fast",
              "pass": true,
              "fail": false,
              "pending": false,
              "context": null,
              "code": "const state = window.testState;\nreturn cy\n  .then(() => state.onStartScenario(scenario, indexedSteps))\n  .then(() =>\n    resolveAndRunBeforeHooks.call(this, scenario.tags, state.feature.name)\n  )\n  .then(() =>\n    indexedSteps.forEach((step) =>\n      stepTest.call(this, state, step, rowData)\n    )\n  )\n  .then(() => state.onFinishScenario(scenario));",
              "err": {},
              "uuid": "9712d7a2-0974-4943-9bfe-de79f9b6c321",
              "parentUUID": "cf8326fa-8ee3-487d-8526-072ebf2d8a7e",
              "isHook": false,
              "skipped": false
            },
            {
              "title": "Validate all links on the page",
              "fullTitle": "Bad page Validate all links on the page",
              "timedOut": null,
              "duration": 1814,
              "state": "failed",
              "speed": null,
              "pass": false,
              "fail": true,
              "pending": false,
              "context": null,
              "code": "const state = window.testState;\nreturn cy\n  .then(() => state.onStartScenario(scenario, indexedSteps))\n  .then(() =>\n    resolveAndRunBeforeHooks.call(this, scenario.tags, state.feature.name)\n  )\n  .then(() =>\n    indexedSteps.forEach((step) =>\n      stepTest.call(this, state, step, rowData)\n    )\n  )\n  .then(() => state.onFinishScenario(scenario));",
              "err": {
                "message": "AssertionError: expected 404 to equal 200",
                "estack": "AssertionError: expected 404 to equal 200\n    [2]</</</<@https://www.w3.org/__cypress/tests?p=cypress/integration/badpage.feature:62:34\n    getRet@https://www.w3.org/__cypress/runner/cypress_runner.js:156292:20\n    tryCatcher@https://www.w3.org/__cypress/runner/cypress_runner.js:13022:23\n    ../../node_modules/bluebird/js/release/method.js/module.exports/Promise.try@https://www.w3.org/__cypress/runner/cypress_runner.js:10296:29\n    thenFn@https://www.w3.org/__cypress/runner/cypress_runner.js:156310:60\n    then@https://www.w3.org/__cypress/runner/cypress_runner.js:156762:21\n    ../driver/src/cypress/cy.ts/addCommand/wrapByType/<@https://www.w3.org/__cypress/runner/cypress_runner.js:173242:19\n    ../driver/src/cypress/command_queue.ts/runCommand/<@https://www.w3.org/__cypress/runner/cypress_runner.js:172098:15\n    tryCatcher@https://www.w3.org/__cypress/runner/cypress_runner.js:13022:23\n    ../../node_modules/bluebird/js/release/promise.js/</module.exports/Promise.prototype._settlePromiseFromHandler@https://www.w3.org/__cypress/runner/cypress_runner.js:10957:31\n    ../../node_modules/bluebird/js/release/promise.js/</module.exports/Promise.prototype._settlePromise@https://www.w3.org/__cypress/runner/cypress_runner.js:11014:18\n    ../../node_modules/bluebird/js/release/promise.js/</module.exports/Promise.prototype._settlePromiseCtx@https://www.w3.org/__cypress/runner/cypress_runner.js:11051:10\n    _drainQueueStep@https://www.w3.org/__cypress/runner/cypress_runner.js:7733:12\n    _drainQueue@https://www.w3.org/__cypress/runner/cypress_runner.js:7722:24\n    ../../node_modules/bluebird/js/release/async.js/</Async.prototype._drainQueues@https://www.w3.org/__cypress/runner/cypress_runner.js:7738:16\n    ../../node_modules/bluebird/js/release/async.js/</Async/this.drainQueues@https://www.w3.org/__cypress/runner/cypress_runner.js:7608:14\n",
                "diff": "- 404\n+ 200\n"
              },
              "uuid": "4f7d30e5-c0bb-41d9-b554-2b1284ba6b7c",
              "parentUUID": "cf8326fa-8ee3-487d-8526-072ebf2d8a7e",
              "isHook": false,
              "skipped": false
            }
          ],
          "suites": [],
          "passes": [
            "bcd3f6f8-bf8d-42dc-bd4d-e46b3bef5a75",
            "9712d7a2-0974-4943-9bfe-de79f9b6c321"
          ],
          "failures": [
            "4f7d30e5-c0bb-41d9-b554-2b1284ba6b7c"
          ],
          "pending": [],
          "skipped": [],
          "duration": 3693,
          "root": false,
          "rootEmpty": false,
          "_timeout": 2000
        }
      ],
      "passes": [],
      "failures": [],
      "pending": [],
      "skipped": [],
      "duration": 0,
      "root": true,
      "rootEmpty": true,
      "_timeout": 2000
    }
  ],
  "meta": {
    "mocha": {
      "version": "7.0.1"
    },
    "mochawesome": {
      "options": {
        "quiet": false,
        "reportFilename": "mochawesome",
        "saveHtml": false,
        "saveJson": true,
        "consoleReporter": "spec",
        "useInlineDiffs": false,
        "code": true
      },
      "version": "6.3.1"
    },
    "marge": {
      "options": {
        "id": "default",
        "reportDir": "cypress/reports-firefox/mocha",
        "quite": true,
        "overwrite": false,
        "html": false,
        "json": true
      },
      "version": "5.2.0"
    }
  }
}