{
  "stats": {
    "suites": 1,
    "tests": 3,
    "passes": 2,
    "pending": 0,
    "failures": 1,
    "start": "2022-04-04T03:41:31.702Z",
    "end": "2022-04-04T03:42:20.036Z",
    "duration": 48334,
    "testsRegistered": 3,
    "passPercent": 66.66666666666666,
    "pendingPercent": 0,
    "other": 0,
    "hasOther": false,
    "skipped": 0,
    "hasSkipped": false
  },
  "results": [
    {
      "uuid": "0c97dced-6554-44a1-a923-82ab8f2603e3",
      "title": "",
      "fullFile": "cypress/integration/htmlcss.feature",
      "file": "cypress/integration/htmlcss.feature",
      "beforeHooks": [],
      "afterHooks": [],
      "tests": [],
      "suites": [
        {
          "uuid": "4db90651-eef9-4f4d-ae94-8e5161886951",
          "title": "Htmlcss page",
          "fullFile": "",
          "file": "",
          "beforeHooks": [],
          "afterHooks": [],
          "tests": [
            {
              "title": "Validate console errors",
              "fullTitle": "Htmlcss page Validate console errors",
              "timedOut": null,
              "duration": 1181,
              "state": "passed",
              "speed": "fast",
              "pass": true,
              "fail": false,
              "pending": false,
              "context": null,
              "code": "const state = window.testState;\nreturn cy\n  .then(() => state.onStartScenario(scenario, indexedSteps))\n  .then(() =>\n    resolveAndRunBeforeHooks.call(this, scenario.tags, state.feature.name)\n  )\n  .then(() =>\n    indexedSteps.forEach((step) =>\n      stepTest.call(this, state, step, rowData)\n    )\n  )\n  .then(() => state.onFinishScenario(scenario));",
              "err": {},
              "uuid": "eb4e53a0-a235-4797-afa7-587b7263ea8a",
              "parentUUID": "4db90651-eef9-4f4d-ae94-8e5161886951",
              "isHook": false,
              "skipped": false
            },
            {
              "title": "Validate  response code",
              "fullTitle": "Htmlcss page Validate  response code",
              "timedOut": null,
              "duration": 323,
              "state": "passed",
              "speed": "fast",
              "pass": true,
              "fail": false,
              "pending": false,
              "context": null,
              "code": "const state = window.testState;\nreturn cy\n  .then(() => state.onStartScenario(scenario, indexedSteps))\n  .then(() =>\n    resolveAndRunBeforeHooks.call(this, scenario.tags, state.feature.name)\n  )\n  .then(() =>\n    indexedSteps.forEach((step) =>\n      stepTest.call(this, state, step, rowData)\n    )\n  )\n  .then(() => state.onFinishScenario(scenario));",
              "err": {},
              "uuid": "bd21c336-0e6c-4497-8bfa-4456f74d1c86",
              "parentUUID": "4db90651-eef9-4f4d-ae94-8e5161886951",
              "isHook": false,
              "skipped": false
            },
            {
              "title": "Validate all links on the page",
              "fullTitle": "Htmlcss page Validate all links on the page",
              "timedOut": null,
              "duration": 44678,
              "state": "failed",
              "speed": null,
              "pass": false,
              "fail": true,
              "pending": false,
              "context": null,
              "code": "const state = window.testState;\nreturn cy\n  .then(() => state.onStartScenario(scenario, indexedSteps))\n  .then(() =>\n    resolveAndRunBeforeHooks.call(this, scenario.tags, state.feature.name)\n  )\n  .then(() =>\n    indexedSteps.forEach((step) =>\n      stepTest.call(this, state, step, rowData)\n    )\n  )\n  .then(() => state.onFinishScenario(scenario));",
              "err": {
                "message": "CypressError: `cy.request()` timed out waiting `30000ms` for a response from your server.\n\nThe request we sent was:\n\nMethod: GET\nURL: http://ev.buaa.edu.cn/\n\nNo response was received within the timeout.\n\nhttps://on.cypress.io/request",
                "estack": "CypressError: `cy.request()` timed out waiting `30000ms` for a response from your server.\n\nThe request we sent was:\n\nMethod: GET\nURL: http://ev.buaa.edu.cn/\n\nNo response was received within the timeout.\n\nhttps://on.cypress.io/request\n../driver/src/cy/commands/request.ts/</__webpack_exports__.default/request/<@https://www.w3.org/__cypress/runner/cypress_runner.js:160677:78\ntryCatcher@https://www.w3.org/__cypress/runner/cypress_runner.js:13022:23\n../../node_modules/bluebird/js/release/catch_filter.js/module.exports/catchFilter/<@https://www.w3.org/__cypress/runner/cypress_runner.js:8144:41\ntryCatcher@https://www.w3.org/__cypress/runner/cypress_runner.js:13022:23\n../../node_modules/bluebird/js/release/promise.js/</module.exports/Promise.prototype._settlePromiseFromHandler@https://www.w3.org/__cypress/runner/cypress_runner.js:10957:31\n../../node_modules/bluebird/js/release/promise.js/</module.exports/Promise.prototype._settlePromise@https://www.w3.org/__cypress/runner/cypress_runner.js:11014:18\n../../node_modules/bluebird/js/release/promise.js/</module.exports/Promise.prototype._settlePromise0@https://www.w3.org/__cypress/runner/cypress_runner.js:11059:10\n../../node_modules/bluebird/js/release/promise.js/</module.exports/Promise.prototype._settlePromises@https://www.w3.org/__cypress/runner/cypress_runner.js:11135:18\n_drainQueueStep@https://www.w3.org/__cypress/runner/cypress_runner.js:7729:12\n_drainQueue@https://www.w3.org/__cypress/runner/cypress_runner.js:7722:24\n../../node_modules/bluebird/js/release/async.js/</Async.prototype._drainQueues@https://www.w3.org/__cypress/runner/cypress_runner.js:7738:16\n../../node_modules/bluebird/js/release/async.js/</Async/this.drainQueues@https://www.w3.org/__cypress/runner/cypress_runner.js:7608:14\nFrom Your Spec Code:\n    [2]</</</<@https://www.w3.org/__cypress/tests?p=cypress/integration/htmlcss.feature:62:13\n    getRet@https://www.w3.org/__cypress/runner/cypress_runner.js:156292:20\n    tryCatcher@https://www.w3.org/__cypress/runner/cypress_runner.js:13022:23\n    ../../node_modules/bluebird/js/release/method.js/module.exports/Promise.try@https://www.w3.org/__cypress/runner/cypress_runner.js:10296:29\n    thenFn@https://www.w3.org/__cypress/runner/cypress_runner.js:156310:60\n    then@https://www.w3.org/__cypress/runner/cypress_runner.js:156762:21\n    ../driver/src/cypress/cy.ts/addCommand/wrapByType/<@https://www.w3.org/__cypress/runner/cypress_runner.js:173242:19\n    ../driver/src/cypress/command_queue.ts/runCommand/<@https://www.w3.org/__cypress/runner/cypress_runner.js:172098:15\n    tryCatcher@https://www.w3.org/__cypress/runner/cypress_runner.js:13022:23\n    ../../node_modules/bluebird/js/release/promise.js/</module.exports/Promise.prototype._settlePromiseFromHandler@https://www.w3.org/__cypress/runner/cypress_runner.js:10957:31\n    ../../node_modules/bluebird/js/release/promise.js/</module.exports/Promise.prototype._settlePromise@https://www.w3.org/__cypress/runner/cypress_runner.js:11014:18\n    ../../node_modules/bluebird/js/release/promise.js/</module.exports/Promise.prototype._settlePromiseCtx@https://www.w3.org/__cypress/runner/cypress_runner.js:11051:10\n    _drainQueueStep@https://www.w3.org/__cypress/runner/cypress_runner.js:7733:12\n    _drainQueue@https://www.w3.org/__cypress/runner/cypress_runner.js:7722:24\n    ../../node_modules/bluebird/js/release/async.js/</Async.prototype._drainQueues@https://www.w3.org/__cypress/runner/cypress_runner.js:7738:16\n    ../../node_modules/bluebird/js/release/async.js/</Async/this.drainQueues@https://www.w3.org/__cypress/runner/cypress_runner.js:7608:14\n",
                "diff": null
              },
              "uuid": "89c48800-324e-4556-b86c-839b998322e0",
              "parentUUID": "4db90651-eef9-4f4d-ae94-8e5161886951",
              "isHook": false,
              "skipped": false
            }
          ],
          "suites": [],
          "passes": [
            "eb4e53a0-a235-4797-afa7-587b7263ea8a",
            "bd21c336-0e6c-4497-8bfa-4456f74d1c86"
          ],
          "failures": [
            "89c48800-324e-4556-b86c-839b998322e0"
          ],
          "pending": [],
          "skipped": [],
          "duration": 46182,
          "root": false,
          "rootEmpty": false,
          "_timeout": 2000
        }
      ],
      "passes": [],
      "failures": [],
      "pending": [],
      "skipped": [],
      "duration": 0,
      "root": true,
      "rootEmpty": true,
      "_timeout": 2000
    }
  ],
  "meta": {
    "mocha": {
      "version": "7.0.1"
    },
    "mochawesome": {
      "options": {
        "quiet": false,
        "reportFilename": "mochawesome",
        "saveHtml": false,
        "saveJson": true,
        "consoleReporter": "spec",
        "useInlineDiffs": false,
        "code": true
      },
      "version": "6.3.1"
    },
    "marge": {
      "options": {
        "id": "default",
        "reportDir": "cypress/reports-firefox/mocha",
        "quite": true,
        "overwrite": false,
        "html": false,
        "json": true
      },
      "version": "5.2.0"
    }
  }
}