<?xml version="1.0" encoding="UTF-8"?>
<testsuites name="Mocha Tests" time="8.3260" tests="2" failures="1">
  <testsuite name="Root Suite" timestamp="2022-04-01T02:21:42" tests="0" file="cypress/integration/multimodal.feature" time="0.0000" failures="0">
  </testsuite>
  <testsuite name="Multimodal page" timestamp="2022-04-01T02:21:42" tests="2" time="8.3070" failures="1">
    <testcase name="Multimodal page Validate console errors and response code" time="1.3040" classname="Validate console errors and response code">
    </testcase>
    <testcase name="Multimodal page Validate All links on the page go to another live page" time="0.0000" classname="Validate All links on the page go to another live page">
      <failure message="expected 404 to equal 200" type="AssertionError"><![CDATA[AssertionError: expected 404 to equal 200
    at Context.eval (https://www.w3.org/__cypress/tests?p=cypress/integration/multimodal.feature:61:34)]]></failure>
    </testcase>
  </testsuite>
</testsuites>