<?xml version="1.0"?>
<testsuites>
<testsuite name="Root Suite" timestamp="2022-04-01T02:21:00" tests="0" file="cypress/integration/badpage.feature" time="0.0000" failures="0"></testsuite>
<testsuite name="Bad page" timestamp="2022-04-01T02:21:00" tests="1" time="4.2770" failures="0">
  
  <testcase name="Bad page Validate console errors and response code" time="1.3980" classname="Validate console errors and response code"></testcase>
  
</testsuite>

<testsuite name="Root Suite" timestamp="2022-04-01T02:21:11" tests="0" file="cypress/integration/htmlcss.feature" time="0.0000" failures="0"></testsuite>
<testsuite name="Htmlcss page" timestamp="2022-04-01T02:21:11" tests="2" time="22.7500" failures="0">
  
  <testcase name="Htmlcss page Validate console errors and response code" time="1.3360" classname="Validate console errors and response code"></testcase>
  
  <testcase name="Htmlcss page Validate All links on the page go to another live page" time="19.2810" classname="Validate All links on the page go to another live page"></testcase>
  
</testsuite>

<testsuite name="Root Suite" timestamp="2022-04-01T02:21:42" tests="0" file="cypress/integration/multimodal.feature" time="0.0000" failures="0"></testsuite>
<testsuite name="Multimodal page" timestamp="2022-04-01T02:21:42" tests="2" time="8.3070" failures="1">
  
  <testcase name="Multimodal page Validate console errors and response code" time="1.3040" classname="Validate console errors and response code"></testcase>
  
  <testcase name="Multimodal page Validate All links on the page go to another live page" time="0.0000" classname="Validate All links on the page go to another live page">
    
    <failure message="expected 404 to equal 200" type="AssertionError"><![CDATA[AssertionError: expected 404 to equal 200
    at Context.eval (https://www.w3.org/__cypress/tests?p=cypress/integration/multimodal.feature:61:34)]]></failure>
    
  </testcase>
  
</testsuite>

</testsuites>