<?xml version="1.0" encoding="UTF-8"?>
<testsuites name="Mocha Tests" time="22.7680" tests="2" failures="0">
  <testsuite name="Root Suite" timestamp="2022-04-01T02:21:11" tests="0" file="cypress/integration/htmlcss.feature" time="0.0000" failures="0">
  </testsuite>
  <testsuite name="Htmlcss page" timestamp="2022-04-01T02:21:11" tests="2" time="22.7500" failures="0">
    <testcase name="Htmlcss page Validate console errors and response code" time="1.3360" classname="Validate console errors and response code">
    </testcase>
    <testcase name="Htmlcss page Validate All links on the page go to another live page" time="19.2810" classname="Validate All links on the page go to another live page">
    </testcase>
  </testsuite>
</testsuites>